<?xml version="1.0" encoding="UTF-8"?>
<!-- Generated by org.testng.reporters.JUnitXMLReporter -->
<testsuite ignored="0" hostname="Viveks-MacBook-Air.local" failures="0" tests="1" name="basicTest" time="0.037" errors="0" timestamp="21 Dec 2023 02:25:18 GMT">
  <testcase classname="com.qaweapon.coreclasses.BaseTest" name="@BeforeTest beforeTest" time="0.006">
    <failure type="java.lang.NullPointerException" message="Cannot invoke &amp;quot;String.hashCode()&amp;quot; because &amp;quot;&amp;lt;local1&amp;gt;&amp;quot; is null">
      <![CDATA[java.lang.NullPointerException: Cannot invoke "String.hashCode()" because "<local1>" is null
at com.qaweapon.coreclasses.DriverFactory.setup(DriverFactory.java:36)
at com.qaweapon.coreclasses.BaseTest.beforeTest(BaseTest.java:49)
at java.base/java.util.concurrent.FutureTask.run(FutureTask.java:264)
at java.base/java.util.concurrent.ThreadPoolExecutor.runWorker(ThreadPoolExecutor.java:1136)
at java.base/java.util.concurrent.ThreadPoolExecutor$Worker.run(ThreadPoolExecutor.java:635)
at java.base/java.lang.Thread.run(Thread.java:840)
... Removed 15 stack frames]]>
    </failure>
  </testcase> <!-- @BeforeTest beforeTest -->
  <testcase classname="com.qaweapon.coreclasses.BaseTest" name="@BeforeMethod beforeMethod" time="0.0">
    <skipped/>
  </testcase> <!-- @BeforeMethod beforeMethod -->
  <testcase classname="com.qaweapon.coreclasses.BaseTest" name="@AfterMethod afterMethod" time="0.0">
    <skipped/>
  </testcase> <!-- @AfterMethod afterMethod -->
  <testcase classname="com.qaweapon.coreclasses.BaseTest" name="@AfterTest afterTest" time="0.0">
    <skipped/>
  </testcase> <!-- @AfterTest afterTest -->
  <testcase classname="com.qaweapon.Test.GoogleSearchTest" name="googleSearchTest" time="0.0">
    <skipped/>
  </testcase> <!-- googleSearchTest -->
</testsuite> <!-- basicTest -->
